<?xml version="1.0" encoding="UTF-8"?>
<!-- Generated by org.testng.reporters.JUnitXMLReporter -->
<testsuite hostname="Sakeths-MBP.austin.rr.com" ignored="0" name="Test" tests="11" failures="1" timestamp="2020-10-22T20:35:48 CDT" time="55.783" errors="0">
  <testcase name="chwindow" time="0.0" classname="siriSeconMaven.childwondowTest">
    <failure type="org.testng.TestNGException" message="
Parameter &amp;apos;Text&amp;apos; is required by @Test on method chwindow but has not been marked @Optional or defined
in /Users/Saketh/mavenSecondjava/Setestng.xml">
      <![CDATA[org.testng.TestNGException: 
Parameter 'Text' is required by @Test on method chwindow but has not been marked @Optional or defined
in /Users/Saketh/mavenSecondjava/Setestng.xml
at java.util.ArrayList.forEach(ArrayList.java:1249)
... Removed 26 stack frames]]>
    </failure>
  </testcase> <!-- chwindow -->
  <testcase name="stu1" time="10.064" classname="siriSeconMaven.childwondowTest"/>
  <testcase name="widgetsExmaple" time="11.946" classname="siriSeconMaven.WidgetsTestngTest"/>
  <testcase name="dpExp" time="0.002" classname="siriSeconMaven.dataProviderExampleTest"/>
  <testcase name="dpExp" time="0.001" classname="siriSeconMaven.dataProviderExampleTest"/>
  <testcase name="dpExp" time="0.001" classname="siriSeconMaven.dataProviderExampleTest"/>
  <testcase name="frameExmaple" time="5.679" classname="siriSeconMaven.framesTest"/>
  <testcase name="modalDialogs" time="6.895" classname="siriSeconMaven.framesTest"/>
  <testcase name="nestedframeExmaple" time="6.073" classname="siriSeconMaven.framesTest"/>
  <testcase name="MouseHover2" time="6.583" classname="siriSeconMaven.SliderTest"/>
  <testcase name="sliderExample" time="8.456" classname="siriSeconMaven.SliderTest"/>
</testsuite> <!-- Test -->
