<html>
<head>
<title>TestNG:  Test</title>
<link href="../testng.css" rel="stylesheet" type="text/css" />
<link href="../my-testng.css" rel="stylesheet" type="text/css" />

<style type="text/css">
.log { display: none;} 
.stack-trace { display: none;} 
</style>
<script type="text/javascript">
<!--
function flip(e) {
  current = e.style.display;
  if (current == 'block') {
    e.style.display = 'none';
    return 0;
  }
  else {
    e.style.display = 'block';
    return 1;
  }
}

function toggleBox(szDivId, elem, msg1, msg2)
{
  var res = -1;  if (document.getElementById) {
    res = flip(document.getElementById(szDivId));
  }
  else if (document.all) {
    // this is the way old msie versions work
    res = flip(document.all[szDivId]);
  }
  if(elem) {
    if(res == 0) elem.innerHTML = msg1; else elem.innerHTML = msg2;
  }

}

function toggleAllBoxes() {
  if (document.getElementsByTagName) {
    d = document.getElementsByTagName('div');
    for (i = 0; i < d.length; i++) {
      if (d[i].className == 'log') {
        flip(d[i]);
      }
    }
  }
}

// -->
</script>

</head>
<body>
<h2 align='center'>Test</h2><table border='1' align="center">
<tr>
<td>Tests passed/Failed/Skipped:</td><td>10/1/0</td>
</tr><tr>
<td>Started on:</td><td>Thu Oct 22 20:34:51 CDT 2020</td>
</tr>
<tr><td>Total time:</td><td>55 seconds (55783 ms)</td>
</tr><tr>
<td>Included groups:</td><td></td>
</tr><tr>
<td>Excluded groups:</td><td></td>
</tr>
</table><p/>
<small><i>(Hover the method name to see the test class name)</i></small><p/>
<table width='100%' border='1' class='invocation-failed'>
<tr><td colspan='4' align='center'><b>FAILED TESTS</b></td></tr>
<tr><td><b>Test method</b></td>
<td width="30%"><b>Exception</b></td>
<td width="10%"><b>Time (seconds)</b></td>
<td><b>Instance</b></td>
</tr>
<tr>
<td title='siriSeconMaven.childwondowTest.chwindow()'><b>chwindow</b><br>Test class: siriSeconMaven.childwondowTest</td>
<td><div><pre>org.testng.TestNGException: 
Parameter &apos;Text&apos; is required by @Test on method chwindow but has not been marked @Optional or defined
in /Users/Saketh/mavenSecondjava/Setestng.xml
	at java.util.ArrayList.forEach(ArrayList.java:1249)
... Removed 26 stack frames</pre></div><a href='#' onClick='toggleBox("stack-trace2050835901", this, "Click to show all stack frames", "Click to hide stack frames")'>Click to show all stack frames</a>
<div class='stack-trace' id='stack-trace2050835901'><pre>org.testng.TestNGException: 
Parameter &apos;Text&apos; is required by @Test on method chwindow but has not been marked @Optional or defined
in /Users/Saketh/mavenSecondjava/Setestng.xml
	at org.testng.internal.Parameters.createParams(Parameters.java:289)
	at org.testng.internal.Parameters.createParametersForMethod(Parameters.java:377)
	at org.testng.internal.Parameters.createParameters(Parameters.java:721)
	at org.testng.internal.Parameters.handleParameters(Parameters.java:895)
	at org.testng.internal.Parameters.handleParameters(Parameters.java:762)
	at org.testng.internal.ParameterHandler.handleParameters(ParameterHandler.java:60)
	at org.testng.internal.ParameterHandler.createParameters(ParameterHandler.java:39)
	at org.testng.internal.TestInvoker$MethodInvocationAgent.invoke(TestInvoker.java:771)
	at org.testng.internal.TestInvoker.invokeTestMethods(TestInvoker.java:145)
	at org.testng.internal.TestMethodWorker.invokeTestMethods(TestMethodWorker.java:146)
	at org.testng.internal.TestMethodWorker.run(TestMethodWorker.java:128)
	at java.util.ArrayList.forEach(ArrayList.java:1249)
	at org.testng.TestRunner.privateRun(TestRunner.java:770)
	at org.testng.TestRunner.run(TestRunner.java:591)
	at org.testng.SuiteRunner.runTest(SuiteRunner.java:402)
	at org.testng.SuiteRunner.runSequentially(SuiteRunner.java:396)
	at org.testng.SuiteRunner.privateRun(SuiteRunner.java:355)
	at org.testng.SuiteRunner.run(SuiteRunner.java:304)
	at org.testng.SuiteRunnerWorker.runSuite(SuiteRunnerWorker.java:53)
	at org.testng.SuiteRunnerWorker.run(SuiteRunnerWorker.java:96)
	at org.testng.TestNG.runSuitesSequentially(TestNG.java:1180)
	at org.testng.TestNG.runSuitesLocally(TestNG.java:1102)
	at org.testng.TestNG.runSuites(TestNG.java:1032)
	at org.testng.TestNG.run(TestNG.java:1000)
	at org.testng.remote.AbstractRemoteTestNG.run(AbstractRemoteTestNG.java:115)
	at org.testng.remote.RemoteTestNG.initAndRun(RemoteTestNG.java:251)
	at org.testng.remote.RemoteTestNG.main(RemoteTestNG.java:77)
</pre></div></td>
<td>0</td>
<td>siriSeconMaven.childwondowTest@72b6cbcc</td></tr>
</table><p>
<table width='100%' border='1' class='invocation-passed'>
<tr><td colspan='4' align='center'><b>PASSED TESTS</b></td></tr>
<tr><td><b>Test method</b></td>
<td width="30%"><b>Exception</b></td>
<td width="10%"><b>Time (seconds)</b></td>
<td><b>Instance</b></td>
</tr>
<tr>
<td title='siriSeconMaven.SliderTest.MouseHover2()'><b>MouseHover2</b><br>Test class: siriSeconMaven.SliderTest</td>
<td></td>
<td>6</td>
<td>siriSeconMaven.SliderTest@7494e528</td></tr>
<tr>
<td title='siriSeconMaven.dataProviderExampleTest.dpExp()'><b>dpExp</b><br>Test class: siriSeconMaven.dataProviderExampleTest<br>Parameters: first User, first Password</td>
<td></td>
<td>0</td>
<td>siriSeconMaven.dataProviderExampleTest@68bbe345</td></tr>
<tr>
<td title='siriSeconMaven.dataProviderExampleTest.dpExp()'><b>dpExp</b><br>Test class: siriSeconMaven.dataProviderExampleTest<br>Parameters: secondsetusername, secondpassword</td>
<td></td>
<td>0</td>
<td>siriSeconMaven.dataProviderExampleTest@68bbe345</td></tr>
<tr>
<td title='siriSeconMaven.dataProviderExampleTest.dpExp()'><b>dpExp</b><br>Test class: siriSeconMaven.dataProviderExampleTest<br>Parameters: thirdsetusername, thirdpassword</td>
<td></td>
<td>0</td>
<td>siriSeconMaven.dataProviderExampleTest@68bbe345</td></tr>
<tr>
<td title='siriSeconMaven.framesTest.frameExmaple()'><b>frameExmaple</b><br>Test class: siriSeconMaven.framesTest</td>
<td></td>
<td>5</td>
<td>siriSeconMaven.framesTest@30b8a058</td></tr>
<tr>
<td title='siriSeconMaven.framesTest.modalDialogs()'><b>modalDialogs</b><br>Test class: siriSeconMaven.framesTest</td>
<td></td>
<td>6</td>
<td>siriSeconMaven.framesTest@30b8a058</td></tr>
<tr>
<td title='siriSeconMaven.framesTest.nestedframeExmaple()'><b>nestedframeExmaple</b><br>Test class: siriSeconMaven.framesTest</td>
<td></td>
<td>6</td>
<td>siriSeconMaven.framesTest@30b8a058</td></tr>
<tr>
<td title='siriSeconMaven.SliderTest.sliderExample()'><b>sliderExample</b><br>Test class: siriSeconMaven.SliderTest</td>
<td></td>
<td>8</td>
<td>siriSeconMaven.SliderTest@7494e528</td></tr>
<tr>
<td title='siriSeconMaven.childwondowTest.stu1()'><b>stu1</b><br>Test class: siriSeconMaven.childwondowTest</td>
<td></td>
<td>10</td>
<td>siriSeconMaven.childwondowTest@72b6cbcc</td></tr>
<tr>
<td title='siriSeconMaven.WidgetsTestngTest.widgetsExmaple()'><b>widgetsExmaple</b><br>Test class: siriSeconMaven.WidgetsTestngTest</td>
<td></td>
<td>11</td>
<td>siriSeconMaven.WidgetsTestngTest@a7e666</td></tr>
</table><p>
</body>
</html>